app/build/intermediates/manifest_merge_blame_file/debug/manifest-merger-blame-debug-report.txt
1<?xml version="1.0" encoding="utf-8"?>
2<manifest xmlns:android="http://schemas.android.com/apk/res/android"
3    package="com.focusguard.app"
4    android:versionCode="13"
5    android:versionName="1.8.2" >
6
7    <uses-sdk
8        android:minSdkVersion="21"
9        android:targetSdkVersion="33" />
10
11    <application
11-->src\main\AndroidManifest.xml:5:5-49:19
12        android:allowBackup="true"
12-->src\main\AndroidManifest.xml:6:9-35
13        android:debuggable="true"
14        android:extractNativeLibs="true"
15        android:icon="@drawable/ic_launcher"
15-->src\main\AndroidManifest.xml:7:9-45
16        android:label="@string/app_name"
16-->src\main\AndroidManifest.xml:9:9-41
17        android:roundIcon="@drawable/ic_launcher"
17-->src\main\AndroidManifest.xml:8:9-50
18        android:supportsRtl="true"
18-->src\main\AndroidManifest.xml:10:9-35
19        android:theme="@style/Theme.FocusGuard" >
19-->src\main\AndroidManifest.xml:11:9-48
20        <activity
20-->src\main\AndroidManifest.xml:13:9-21:20
21            android:name="com.focusguard.app.MainActivity"
21-->src\main\AndroidManifest.xml:14:13-41
22            android:exported="true"
22-->src\main\AndroidManifest.xml:15:13-36
23            android:theme="@style/Theme.FocusGuard" >
23-->src\main\AndroidManifest.xml:16:13-52
24            <intent-filter>
24-->src\main\AndroidManifest.xml:17:13-20:29
25                <action android:name="android.intent.action.MAIN" />
25-->src\main\AndroidManifest.xml:18:17-69
25-->src\main\AndroidManifest.xml:18:25-66
26
27                <category android:name="android.intent.category.LAUNCHER" />
27-->src\main\AndroidManifest.xml:19:17-77
27-->src\main\AndroidManifest.xml:19:27-74
28            </intent-filter>
29        </activity>
30
31        <!-- Accessibility Service for blocking Google Docs "From web" -->
32        <service
32-->src\main\AndroidManifest.xml:24:9-34:19
33            android:name="com.focusguard.app.FocusGuardService"
33-->src\main\AndroidManifest.xml:25:13-46
34            android:exported="false"
34-->src\main\AndroidManifest.xml:26:13-37
35            android:permission="android.permission.BIND_ACCESSIBILITY_SERVICE" >
35-->src\main\AndroidManifest.xml:27:13-79
36            <intent-filter>
36-->src\main\AndroidManifest.xml:28:13-30:29
37                <action android:name="android.accessibilityservice.AccessibilityService" />
37-->src\main\AndroidManifest.xml:29:17-92
37-->src\main\AndroidManifest.xml:29:25-89
38            </intent-filter>
39
40            <meta-data
40-->src\main\AndroidManifest.xml:31:13-33:72
41                android:name="android.accessibilityservice"
41-->src\main\AndroidManifest.xml:32:17-60
42                android:resource="@xml/accessibility_service_config" />
42-->src\main\AndroidManifest.xml:33:17-69
43        </service>
44
45        <!-- Device Admin Receiver -->
46        <receiver
46-->src\main\AndroidManifest.xml:37:9-47:20
47            android:name="com.focusguard.app.FocusGuardDeviceAdmin"
47-->src\main\AndroidManifest.xml:38:13-50
48            android:exported="true"
48-->src\main\AndroidManifest.xml:39:13-36
49            android:permission="android.permission.BIND_DEVICE_ADMIN" >
49-->src\main\AndroidManifest.xml:40:13-70
50            <meta-data
50-->src\main\AndroidManifest.xml:41:13-43:65
51                android:name="android.app.device_admin"
51-->src\main\AndroidManifest.xml:42:17-56
52                android:resource="@xml/device_admin_policies" />
52-->src\main\AndroidManifest.xml:43:17-62
53
54            <intent-filter>
54-->src\main\AndroidManifest.xml:44:13-46:29
55                <action android:name="android.app.action.DEVICE_ADMIN_ENABLED" />
55-->src\main\AndroidManifest.xml:45:17-82
55-->src\main\AndroidManifest.xml:45:25-79
56            </intent-filter>
57        </receiver>
58    </application>
59
60</manifest>